[0.017s] Invoking command in '/home/reachy/ros_ws/src/screen_app/build/screen_app': CMAKE_PREFIX_PATH=${CMAKE_PREFIX_PATH}:/home/reachy/reachy_ws/install/reachy_sdk_server:/home/reachy/reachy_ws/install/reachy_kinematics:/home/reachy/reachy_ws/install/reachy_controllers:/home/reachy/reachy_ws/install/reachy_focus:/home/reachy/ros_ws/install/joint_state_publisher_gui:/home/reachy/ros_ws/install/joint_state_publisher:/opt/ros/foxy /usr/bin/cmake --build /home/reachy/ros_ws/src/screen_app/build/screen_app -- -j4 -l4
[0.050s] -- Found ament_cmake: 0.9.9 (/opt/ros/foxy/share/ament_cmake/cmake)
[0.079s] -- Found PythonInterp: /usr/bin/python3 (found suitable version "3.8.10", minimum required is "3") 
[0.079s] -- Using PYTHON_EXECUTABLE: /usr/bin/python3
[0.305s] -- Found rosidl_default_generators: 1.0.1 (/opt/ros/foxy/share/rosidl_default_generators/cmake)
[0.309s] -- Using all available rosidl_typesupport_c: rosidl_typesupport_fastrtps_c;rosidl_typesupport_introspection_c
[0.313s] -- Found rosidl_adapter: 1.2.1 (/opt/ros/foxy/share/rosidl_adapter/cmake)
[0.447s] -- Using all available rosidl_typesupport_cpp: rosidl_typesupport_fastrtps_cpp;rosidl_typesupport_introspection_cpp
[0.496s] -- Found PythonInterp: /usr/bin/python3 (found version "3.8.10") 
[0.711s] CMake Error at /opt/ros/foxy/share/rosidl_adapter/cmake/rosidl_adapt_interfaces.cmake:60 (message):
[0.711s]   execute_process(/usr/bin/python3 -m rosidl_adapter --package-name
[0.711s]   screen_app --arguments-file
[0.711s]   /home/reachy/ros_ws/src/screen_app/build/screen_app/rosidl_adapter__arguments__screen_app.json
[0.711s]   --output-dir
[0.712s]   /home/reachy/ros_ws/src/screen_app/build/screen_app/rosidl_adapter/screen_app
[0.712s]   --output-file
[0.712s]   /home/reachy/ros_ws/src/screen_app/build/screen_app/rosidl_adapter/screen_app.idls)
[0.712s]   returned error code 1:
[0.712s] 
[0.712s]   Error processing 'header header' of 'screen_app/Num': ''header' is an
[0.712s]   invalid message name.  It should have the pattern '^[A-Z][A-Za-z0-9]*$''
[0.712s] 
[0.712s]   Traceback (most recent call last):
[0.712s] 
[0.713s]     File "/usr/lib/python3.8/runpy.py", line 194, in _run_module_as_main
[0.713s]       return _run_code(code, main_globals, None,
[0.713s]     File "/usr/lib/python3.8/runpy.py", line 87, in _run_code
[0.713s]       exec(code, run_globals)
[0.713s]     File "/opt/ros/foxy/lib/python3.8/site-packages/rosidl_adapter/__main__.py", line 19, in <module>
[0.713s]       sys.exit(main())
[0.713s]     File "/opt/ros/foxy/lib/python3.8/site-packages/rosidl_adapter/main.py", line 53, in main
[0.713s]       abs_idl_file = convert_to_idl(
[0.713s]     File "/opt/ros/foxy/lib/python3.8/site-packages/rosidl_adapter/__init__.py", line 19, in convert_to_idl
[0.714s]       return convert_msg_to_idl(
[0.714s]     File "/opt/ros/foxy/lib/python3.8/site-packages/rosidl_adapter/msg/__init__.py", line 28, in convert_msg_to_idl
[0.714s]       msg = parse_message_string(package_name, input_file.stem, content)
[0.714s]     File "/opt/ros/foxy/lib/python3.8/site-packages/rosidl_adapter/parser.py", line 516, in parse_message_string
[0.714s]       Type(type_string, context_package_name=pkg_name),
[0.714s]     File "/opt/ros/foxy/lib/python3.8/site-packages/rosidl_adapter/parser.py", line 276, in __init__
[0.714s]       super(Type, self).__init__(
[0.714s]     File "/opt/ros/foxy/lib/python3.8/site-packages/rosidl_adapter/parser.py", line 204, in __init__
[0.714s]       raise InvalidResourceName(
[0.714s] 
[0.714s]   rosidl_adapter.parser.InvalidResourceName: 'header' is an invalid message
[0.715s]   name.  It should have the pattern '^[A-Z][A-Za-z0-9]*$'
[0.715s] 
[0.715s] Call Stack (most recent call first):
[0.715s]   /opt/ros/foxy/share/rosidl_cmake/cmake/rosidl_generate_interfaces.cmake:130 (rosidl_adapt_interfaces)
[0.715s]   CMakeLists.txt:25 (rosidl_generate_interfaces)
[0.715s] 
[0.715s] 
[0.715s] -- Configuring incomplete, errors occurred!
[0.715s] See also "/home/reachy/ros_ws/src/screen_app/build/screen_app/CMakeFiles/CMakeOutput.log".
[0.720s] make: *** [Makefile:748: cmake_check_build_system] Error 1
[0.723s] Invoked command in '/home/reachy/ros_ws/src/screen_app/build/screen_app' returned '2': CMAKE_PREFIX_PATH=${CMAKE_PREFIX_PATH}:/home/reachy/reachy_ws/install/reachy_sdk_server:/home/reachy/reachy_ws/install/reachy_kinematics:/home/reachy/reachy_ws/install/reachy_controllers:/home/reachy/reachy_ws/install/reachy_focus:/home/reachy/ros_ws/install/joint_state_publisher_gui:/home/reachy/ros_ws/install/joint_state_publisher:/opt/ros/foxy /usr/bin/cmake --build /home/reachy/ros_ws/src/screen_app/build/screen_app -- -j4 -l4
